        -:    0:Source:cov.c
        -:    0:Graph:cov.gcno
        -:    0:Data:cov.gcda
        -:    0:Runs:1
        -:    1:#include<stdio.h>
        -:    2:
        -:    3:int 
        1:    4:main(void)
        -:    5:{
        -:    6:	int i;
        -:    7:
       10:    8:	for(i = 1;i < 10;i ++)
        -:    9:	{
        9:   10:		if(i % 3 == 0)
        3:   11:			printf("%d is divisible by 3\n", i);
        9:   12:		if(i % 11 == 0)
    #####:   13:			printf("%d is divisible by 11\n", i);
        -:   14:	}
        -:   15:
        1:   16:	return 0;
        -:   17:}
        -:   18:
